0 info it worked if it ends with ok
1 verbose cli [ '/usr/local/bin/node', '/usr/local/bin/npm', 'publish' ]
2 info using npm@3.10.10
3 info using node@v6.9.4
4 verbose publish [ '.' ]
5 silly cache add args [ '.', null ]
6 verbose cache add spec .
7 silly cache add parsed spec Result {
7 silly cache add   raw: '.',
7 silly cache add   scope: null,
7 silly cache add   escapedName: null,
7 silly cache add   name: null,
7 silly cache add   rawSpec: '.',
7 silly cache add   spec: '/Users/yefremov/GitHub/callasync',
7 silly cache add   type: 'directory' }
8 verbose addLocalDirectory /Users/yefremov/.npm/callasync/1.0.1/package.tgz not in flight; packing
9 verbose correctMkdir /Users/yefremov/.npm correctMkdir not in flight; initializing
10 info lifecycle callasync@1.0.1~prepublish: callasync@1.0.1
11 silly lifecycle callasync@1.0.1~prepublish: no script for prepublish, continuing
12 verbose tar pack [ '/Users/yefremov/.npm/callasync/1.0.1/package.tgz',
12 verbose tar pack   '/Users/yefremov/GitHub/callasync' ]
13 verbose tarball /Users/yefremov/.npm/callasync/1.0.1/package.tgz
14 verbose folder /Users/yefremov/GitHub/callasync
15 verbose addLocalTarball adding from inside cache /Users/yefremov/.npm/callasync/1.0.1/package.tgz
16 verbose correctMkdir /Users/yefremov/.npm correctMkdir not in flight; initializing
17 silly cache afterAdd callasync@1.0.1
18 verbose afterAdd /Users/yefremov/.npm/callasync/1.0.1/package/package.json not in flight; writing
19 verbose correctMkdir /Users/yefremov/.npm correctMkdir not in flight; initializing
20 verbose afterAdd /Users/yefremov/.npm/callasync/1.0.1/package/package.json written
21 silly publish { name: 'callasync',
21 silly publish   version: '1.0.1',
21 silly publish   description: 'Group and call functions asynchronously',
21 silly publish   main: 'index.js',
21 silly publish   scripts:
21 silly publish    { test: 'tape test.js | tap-spec',
21 silly publish      'test-cov': 'nyc npm test',
21 silly publish      'report-cov': 'nyc report --reporter=text-lcov | coveralls' },
21 silly publish   keywords: [ 'async' ],
21 silly publish   repository:
21 silly publish    { type: 'git',
21 silly publish      url: 'git+https://github.com/yefremov/callasync.git' },
21 silly publish   author: { name: 'Anton Yefremov' },
21 silly publish   license: 'MIT',
21 silly publish   bugs: { url: 'https://github.com/yefremov/callasync/issues' },
21 silly publish   homepage: 'https://github.com/yefremov/callasync#readme',
21 silly publish   devDependencies:
21 silly publish    { coveralls: '^2.11.16',
21 silly publish      nyc: '^10.1.2',
21 silly publish      'tap-spec': '^4.1.1',
21 silly publish      tape: '^4.6.3' },
21 silly publish   readme: '# callasync\n\n[![npm version](https://badge.fury.io/js/callasync.svg)](https://badge.fury.io/js/callasync)\n[![Build Status](https://travis-ci.org/yefremov/callasync.svg?branch=master)](https://travis-ci.org/yefremov/callasync)\n[![Coverage Status](https://coveralls.io/repos/github/yefremov/callasync/badge.svg?branch=master)](https://coveralls.io/github/yefremov/callasync?branch=master)\n\n\nEssential utility function that groups and calls functions asynchronously on\nthe same tick respecting order of invocation.\n\n## Installation\n\n```bash\n$ npm install --save callasync\n```\n\n## API\n\n```js\nvar callasync = require(\'callasync\');\n\n// both functions `foo()` and `bar()` will be\n// called async but on a same tick\n\ncallasync(function foo() {\n  // function body\n});\n\ncallasync(function bar() {\n  // function body\n});\n```\n\n## Running tests\n\n```bash\n$ npm install\n$ npm test\n```\n\n## License\n\n[MIT](LICENSE)\n',
21 silly publish   readmeFilename: 'README.md',
21 silly publish   gitHead: 'd8ddbb969f5eba3a564171d4c89814e2332ebc92',
21 silly publish   _id: 'callasync@1.0.1',
21 silly publish   _shasum: '4cb3d6048583cd4273090cbdb8b59bd677ead757',
21 silly publish   _from: '.' }
22 verbose getPublishConfig undefined
23 silly mapToRegistry name callasync
24 silly mapToRegistry using default registry
25 silly mapToRegistry registry https://registry.npmjs.org/
26 silly mapToRegistry data Result {
26 silly mapToRegistry   raw: 'callasync',
26 silly mapToRegistry   scope: null,
26 silly mapToRegistry   escapedName: 'callasync',
26 silly mapToRegistry   name: 'callasync',
26 silly mapToRegistry   rawSpec: '',
26 silly mapToRegistry   spec: 'latest',
26 silly mapToRegistry   type: 'tag' }
27 silly mapToRegistry uri https://registry.npmjs.org/callasync
28 verbose publish registryBase https://registry.npmjs.org/
29 silly publish uploading /Users/yefremov/.npm/callasync/1.0.1/package.tgz
30 verbose request uri https://registry.npmjs.org/callasync
31 verbose request sending authorization for write operation
32 info attempt registry request try #1 at 11:48:38 PM
33 verbose request using bearer token for auth
34 verbose request id 7581aa2a25afbb2c
35 http request PUT https://registry.npmjs.org/callasync
36 http 403 https://registry.npmjs.org/callasync
37 verbose headers { 'content-type': 'application/json',
37 verbose headers   'cache-control': 'max-age=300',
37 verbose headers   'content-length': '95',
37 verbose headers   'accept-ranges': 'bytes',
37 verbose headers   date: 'Mon, 20 Feb 2017 21:48:40 GMT',
37 verbose headers   via: '1.1 varnish',
37 verbose headers   connection: 'keep-alive',
37 verbose headers   'x-served-by': 'cache-ams4440-AMS',
37 verbose headers   'x-cache': 'MISS',
37 verbose headers   'x-cache-hits': '0',
37 verbose headers   'x-timer': 'S1487627319.252722,VS0,VE922',
37 verbose headers   vary: 'Accept-Encoding' }
38 verbose request invalidating /Users/yefremov/.npm/registry.npmjs.org/callasync on PUT
39 error publish Failed PUT 403
40 verbose stack Error: "You cannot publish over the previously published version 1.0.1." : callasync
40 verbose stack     at makeError (/usr/local/lib/node_modules/npm/node_modules/npm-registry-client/lib/request.js:302:12)
40 verbose stack     at CachingRegistryClient.<anonymous> (/usr/local/lib/node_modules/npm/node_modules/npm-registry-client/lib/request.js:290:14)
40 verbose stack     at Request._callback (/usr/local/lib/node_modules/npm/node_modules/npm-registry-client/lib/request.js:210:14)
40 verbose stack     at Request.self.callback (/usr/local/lib/node_modules/npm/node_modules/request/request.js:187:22)
40 verbose stack     at emitTwo (events.js:106:13)
40 verbose stack     at Request.emit (events.js:191:7)
40 verbose stack     at Request.<anonymous> (/usr/local/lib/node_modules/npm/node_modules/request/request.js:1048:10)
40 verbose stack     at emitOne (events.js:96:13)
40 verbose stack     at Request.emit (events.js:188:7)
40 verbose stack     at IncomingMessage.<anonymous> (/usr/local/lib/node_modules/npm/node_modules/request/request.js:969:12)
41 verbose statusCode 403
42 verbose pkgid callasync
43 verbose cwd /Users/yefremov/GitHub/callasync
44 error Darwin 16.4.0
45 error argv "/usr/local/bin/node" "/usr/local/bin/npm" "publish"
46 error node v6.9.4
47 error npm  v3.10.10
48 error code E403
49 error "You cannot publish over the previously published version 1.0.1." : callasync
50 error If you need help, you may report this error at:
50 error     <https://github.com/npm/npm/issues>
51 verbose exit [ 1, true ]
